Arguments: 
  /opt/homebrew/Cellar/node@14/14.20.0_1/bin/node /opt/homebrew/bin/yarn add ues-sound

PATH: 
  /Users/vest/.pyenv/shims:/opt/homebrew/opt/node@14/bin:/Users/vest/.pyenv/bin:/opt/homebrew/bin:/opt/homebrew/sbin:/Library/Frameworks/Python.framework/Versions/3.10/bin:/usr/local/bin:/usr/bin:/bin:/usr/sbin:/sbin:/Library/Apple/usr/bin:/opt/homebrew/opt/node@14/bin:/Users/vest/.pyenv/bin:/opt/homebrew/bin:/opt/homebrew/sbin:/Library/Frameworks/Python.framework/Versions/3.10/bin

Yarn version: 
  1.22.19

Node version: 
  14.20.0

Platform: 
  darwin arm64

Trace: 
  Error: https://registry.yarnpkg.com/ues-sound: Not found
      at Request.params.callback [as _callback] (/opt/homebrew/lib/node_modules/yarn/lib/cli.js:66145:18)
      at Request.self.callback (/opt/homebrew/lib/node_modules/yarn/lib/cli.js:140890:22)
      at Request.emit (events.js:400:28)
      at Request.<anonymous> (/opt/homebrew/lib/node_modules/yarn/lib/cli.js:141862:10)
      at Request.emit (events.js:400:28)
      at IncomingMessage.<anonymous> (/opt/homebrew/lib/node_modules/yarn/lib/cli.js:141784:12)
      at Object.onceWrapper (events.js:519:28)
      at IncomingMessage.emit (events.js:412:35)
      at endReadableNT (internal/streams/readable.js:1333:12)
      at processTicksAndRejections (internal/process/task_queues.js:82:21)

npm manifest: 
  {
    "name": "react-the-complete-guide",
    "version": "0.1.0",
    "private": true,
    "dependencies": {
      "@emotion/react": "^11.10.5",
      "@emotion/styled": "^11.10.5",
      "@material-ui/core": "^4.12.4",
      "@mui/icons-material": "^5.11.0",
      "@mui/material": "^5.11.6",
      "@testing-library/jest-dom": "^4.2.4",
      "@testing-library/react": "^9.4.1",
      "@testing-library/user-event": "^7.2.1",
      "react": "^18.0.0",
      "react-dom": "^18.0.0",
      "react-router-dom": "^6.8.0",
      "react-scripts": "^5.0.1"
    },
    "scripts": {
      "start": "react-scripts start",
      "build": "react-scripts build",
      "test": "react-scripts test",
      "eject": "react-scripts eject"
    },
    "eslintConfig": {
      "extends": "react-app"
    },
    "browserslist": {
      "production": [
        ">0.2%",
        "not dead",
        "not op_mini all"
      ],
      "development": [
        "last 1 chrome version",
        "last 1 firefox version",
        "last 1 safari version"
      ]
    }
  }

yarn manifest: 
  No manifest

Lockfile: 
  No lockfile
